This is LuaHBTeX, Version 1.18.0 (TeX Live 2024)  (format=lualatex 2024.4.14)  24 SEP 2024 11:29
 restricted system commands enabled.
**communion-benedicite-michael.tex
(./communion-benedicite-michael.tex
LaTeX2e <2023-11-01> patch level 1
L3 programming layer <2024-03-14>
Lua module: luaotfload 2024-02-14 3.28 Lua based OpenType font support
Lua module: lualibs 2023-07-13 2.76 ConTeXt Lua standard libraries.
Lua module: lualibs-extended 2023-07-13 2.76 ConTeXt Lua libraries -- extended collection.
luaotfload | conf : Root cache directory is "/home/veronica/.TinyTeX/texmf-var/luatex-cache/generic/names".
luaotfload | init : Loading fontloader "fontloader-2023-12-28.lua" from kpse-resolved path "/home/veronica/.TinyTeX/texmf-dist/tex/luatex/luaotfload/fontloader-2023-12-28.lua".
Lua-only attribute luaotfload@noligature = 1
luaotfload | init : Context OpenType loader version 3.134
Inserting `luaotfload.node_processor' in `pre_linebreak_filter'.
Inserting `luaotfload.node_processor' in `hpack_filter'.
Inserting `luaotfload.glyph_stream' in `glyph_stream_provider'.
Inserting `luaotfload.define_font' in `define_font'.
Lua-only attribute luaotfload_color_attribute = 2
luaotfload | conf : Root cache directory is "/home/veronica/.TinyTeX/texmf-var/luatex-cache/generic/names".
Inserting `luaotfload.harf.strip_prefix' in `find_opentype_file'.
Inserting `luaotfload.harf.strip_prefix' in `find_truetype_file'.
Removing  `luaotfload.glyph_stream' from `glyph_stream_provider'.
Inserting `luaotfload.harf.glyphstream' in `glyph_stream_provider'.
Inserting `luaotfload.harf.finalize_vlist' in `post_linebreak_filter'.
Inserting `luaotfload.harf.finalize_hlist' in `hpack_filter'.
Inserting `luaotfload.cleanup_files' in `wrapup_run'.
Inserting `luaotfload.harf.finalize_unicode' in `finish_pdffile'.
Inserting `luaotfload.glyphinfo' in `glyph_info'.
Lua-only attribute luaotfload.letterspace_done = 3
Inserting `luaotfload.aux.set_sscale_dimens' in `luaotfload.patch_font'.
Inserting `luaotfload.aux.set_font_index' in `luaotfload.patch_font'.
Inserting `luaotfload.aux.patch_cambria_domh' in `luaotfload.patch_font'.
Inserting `luaotfload.aux.fixup_fontdata' in `luaotfload.patch_font_unsafe'.
Inserting `luaotfload.aux.set_capheight' in `luaotfload.patch_font'.
Inserting `luaotfload.aux.set_xheight' in `luaotfload.patch_font'.
Inserting `luaotfload.rewrite_fontname' in `luaotfload.patch_font'.
Inserting `tracingstacklevels' in `input_level_string'. (/home/veronica/.TinyTeX/texmf-dist/tex/latex/memoir/memoir.cls
Document Class: memoir 2024/01/26 v3.8.2 configurable book, report, article document class
(/home/veronica/.TinyTeX/texmf-dist/tex/latex/xpatch/xpatch.sty (/home/veronica/.TinyTeX/texmf-dist/tex/latex/l3kernel/expl3.sty
Package: expl3 2024-03-14 L3 programming layer (loader) 
 (/home/veronica/.TinyTeX/texmf-dist/tex/latex/l3backend/l3backend-luatex.def
File: l3backend-luatex.def 2024-03-14 L3 backend support: PDF output (LuaTeX)
\l__color_backend_stack_int=\count186
Inserting `l3color' in `luaotfload.parse_color'.
\l__pdf_internal_box=\box51
))
Package: xpatch 2020/03/25 v0.3a Extending etoolbox patching commands
 (/home/veronica/.TinyTeX/texmf-dist/tex/latex/l3packages/xparse/xparse.sty
Package: xparse 2024-03-14 L3 Experimental document command parser
) (/home/veronica/.TinyTeX/texmf-dist/tex/latex/etoolbox/etoolbox.sty
Package: etoolbox 2020/10/05 v2.5k e-TeX tools for LaTeX (JAW)
\etb@tempcnta=\count187
))
\onelineskip=\skip48
\lxvchars=\skip49
\xlvchars=\skip50
\@memcnta=\count188
\c@@memmarkcntra=\count189
 (/home/veronica/.TinyTeX/texmf-dist/tex/generic/iftex/iftex.sty
Package: iftex 2022/02/03 v1.0f TeX engine tests
)
\trimtop=\skip51
\trimedge=\skip52
 (/home/veronica/.TinyTeX/texmf-dist/tex/latex/memoir/mem14.clo
File: mem14.clo 2022/07/29 v0.5 memoir class 14pt size option
luaotfload | db : Font names database loaded from /home/veronica/.TinyTeX/texmf-var/luatex-cache/generic/names/luaotfload-names.luc.gz)
\binding=\skip53
\spinemargin=\skip54
\foremargin=\skip55
\uppermargin=\skip56
\lowermargin=\skip57
\headdrop=\skip58
\normalrulethickness=\skip59
\mem@maxheadheight=\skip60
\mem@maxfootheight=\skip61
\headwidth=\skip62
\c@storedpagenumber=\count190
\memPD=\dimen139
\m@mabparskip=\skip63
\thanksmarkwidth=\skip64
\thanksmarksep=\skip65
\droptitle=\skip66
\c@book=\count191
\c@part=\count192
\c@chapter=\count193
\c@section=\count194
\c@subsection=\count195
\c@subsubsection=\count196
\c@paragraph=\count197
\c@subparagraph=\count198
\beforechapskip=\skip67
\midchapskip=\skip68
\afterchapskip=\skip69
\chapindent=\skip70
\bottomsectionskip=\skip71
\secindent=\skip72
\beforesecskip=\skip73
\aftersecskip=\skip74
\subsecindent=\skip75
\beforesubsecskip=\skip76
\aftersubsecskip=\skip77
\subsubsecindent=\skip78
\beforesubsubsecskip=\skip79
\aftersubsubsecskip=\skip80
\paraindent=\skip81
\beforeparaskip=\skip82
\afterparaskip=\skip83
\subparaindent=\skip84
\beforesubparaskip=\skip85
\aftersubparaskip=\skip86
\pfbreakskip=\skip87
\c@@ppsavesec=\count199
\c@@ppsaveapp=\count266
\ragrparindent=\dimen140
\everylistparindent=\dimen141
\parsepi=\skip88
\topsepi=\skip89
\itemsepi=\skip90
\parsepii=\skip91
\topsepii=\skip92
\topsepiii=\skip93
\itemsepii=\skip94
\itemsepiii=\skip95
\partopsepii=\skip96
\partopsepiii=\skip97
\m@msavetopsep=\skip98
\m@msavepartopsep=\skip99
\@enLab=\toks17
\abstitleskip=\skip100
\absleftindent=\skip101
\abs@leftindent=\dimen142
\absrightindent=\skip102
\absparindent=\skip103
\absparsep=\skip104
\c@vslineno=\count267
\c@poemline=\count268
\c@modulo@vs=\count269
\c@memfvsline=\count270
\vleftskip=\skip105
\vrightskip=\skip106
\stanzaskip=\skip107
\versewidth=\skip108
\vgap=\skip109
\vindent=\skip110
\vleftmargin=\dimen143
\c@verse=\count271
\c@chrsinstr=\count272
\beforepoemtitleskip=\skip111
\afterpoemtitleskip=\skip112
\c@poem=\count273
\beforePoemTitleskip=\skip113
\midPoemTitleskip=\skip114
\afterPoemTitleskip=\skip115
 (/home/veronica/.TinyTeX/texmf-dist/tex/latex/tools/array.sty
Package: array 2023/10/16 v2.5g Tabular extension package (FMi)
\col@sep=\dimen144
\ar@mcellbox=\box52
\extrarowheight=\dimen145
\NC@list=\toks18
\extratabsurround=\skip116
\backup@length=\skip117
\ar@cellbox=\box53
) (/home/veronica/.TinyTeX/texmf-dist/tex/latex/tools/dcolumn.sty
Package: dcolumn 2023/07/08 v1.06 decimal alignment package (DPC)
) (/home/veronica/.TinyTeX/texmf-dist/tex/latex/tools/delarray.sty
Package: delarray 2014/10/28 v1.01 array delimiter package (DPC)
) (/home/veronica/.TinyTeX/texmf-dist/tex/latex/tools/tabularx.sty
Package: tabularx 2023/07/08 v2.11c `tabularx' package (DPC)
\TX@col@width=\dimen146
\TX@old@table=\dimen147
\TX@old@col=\dimen148
\TX@target=\dimen149
\TX@delta=\dimen150
\TX@cols=\count274
\TX@ftn=\toks19
) (/home/veronica/.TinyTeX/texmf-dist/tex/latex/booktabs/booktabs.sty
Package: booktabs 2020/01/12 v1.61803398 Publication quality tables
\heavyrulewidth=\dimen151
\lightrulewidth=\dimen152
\cmidrulewidth=\dimen153
\belowrulesep=\dimen154
\belowbottomsep=\dimen155
\aboverulesep=\dimen156
\abovetopsep=\dimen157
\cmidrulesep=\dimen158
\cmidrulekern=\dimen159
\defaultaddspace=\dimen160
\@cmidla=\count275
\@cmidlb=\count276
\@aboverulesep=\dimen161
\@belowrulesep=\dimen162
\@thisruleclass=\count277
\@lastruleclass=\count278
\@thisrulewidth=\dimen163
)
\ctableftskip=\skip118
\ctabrightskip=\skip119
\abovecolumnspenalty=\count279
\@linestogo=\count280
\@cellstogo=\count281
\@cellsincolumn=\count282
\crtok=\toks20
\@mincolumnwidth=\dimen164
\c@newflo@tctr=\count283
\mem@margin@floatbox=\box54
\@contcwidth=\skip120
\@contindw=\skip121
\abovecaptionskip=\skip122
\belowcaptionskip=\skip123
\subfloattopskip=\skip124
\subfloatcapskip=\skip125
\subfloatcaptopadj=\skip126
\subfloatbottomskip=\skip127
\subfloatlabelskip=\skip128
\subfloatcapmargin=\dimen165
\c@@contsubnum=\count284
\m@mscap@capbox=\box55
\m@mscap@fbox=\box56
\sidecapsep=\dimen166
\sidecapwidth=\dimen167
\m@m@tempdima=\dimen168
\m@mscapraise=\dimen169
\sidecapraise=\dimen170
\m@mscapmainwidth=\dimen171
\m@mscaplkern=\dimen172
\beforeepigraphskip=\skip129
\afterepigraphskip=\skip130
\epigraphwidth=\skip131
\epigraphrule=\skip132
LaTeX Info: Redefining \em on input line 6932.
LaTeX Info: Redefining \emph on input line 6940.
 (/home/veronica/.TinyTeX/texmf-dist/tex/latex/hyperref/nameref.sty
Package: nameref 2023-11-26 v2.56 Cross-referencing by name of section
 (/home/veronica/.TinyTeX/texmf-dist/tex/latex/refcount/refcount.sty
Package: refcount 2019/12/15 v3.6 Data extraction from label references (HO)
 (/home/veronica/.TinyTeX/texmf-dist/tex/generic/ltxcmds/ltxcmds.sty
Package: ltxcmds 2023-12-04 v1.26 LaTeX kernel commands for general use (HO)
) (/home/veronica/.TinyTeX/texmf-dist/tex/generic/infwarerr/infwarerr.sty
Package: infwarerr 2019/12/03 v1.5 Providing info/warning/error messages (HO)
)) (/home/veronica/.TinyTeX/texmf-dist/tex/generic/gettitlestring/gettitlestring.sty
Package: gettitlestring 2019/12/15 v1.6 Cleanup title references (HO)
 (/home/veronica/.TinyTeX/texmf-dist/tex/latex/kvoptions/kvoptions.sty
Package: kvoptions 2022-06-15 v3.15 Key value format for package options (HO)
 (/home/veronica/.TinyTeX/texmf-dist/tex/latex/graphics/keyval.sty
Package: keyval 2022/05/29 v1.15 key=value parser (DPC)
\KV@toks@=\toks21
) (/home/veronica/.TinyTeX/texmf-dist/tex/latex/kvsetkeys/kvsetkeys.sty
Package: kvsetkeys 2022-10-05 v1.19 Key value parser (HO)
)))
\c@section@level=\count285
)
\tocentryskip=\skip133
\tocbaseline=\skip134
\cftparskip=\skip135
\cftbeforebookskip=\skip136
\cftbookindent=\dimen173
\cftbooknumwidth=\dimen174
\cftbeforepartskip=\skip137
\cftpartindent=\skip138
\cftpartnumwidth=\skip139
\cftbeforechapterskip=\skip140
\cftchapterindent=\skip141
\cftchapternumwidth=\skip142
\cftbeforesectionskip=\skip143
\cftsectionindent=\skip144
\cftsectionnumwidth=\skip145
\cftbeforesubsectionskip=\skip146
\cftsubsectionindent=\skip147
\cftsubsectionnumwidth=\skip148
\cftbeforesubsubsectionskip=\skip149
\cftsubsubsectionindent=\skip150
\cftsubsubsectionnumwidth=\skip151
\cftbeforeparagraphskip=\skip152
\cftparagraphindent=\skip153
\cftparagraphnumwidth=\skip154
\cftbeforesubparagraphskip=\skip155
\cftsubparagraphindent=\skip156
\cftsubparagraphnumwidth=\skip157
\prechapterprecisshift=\dimen175
\c@maxsecnumdepth=\count286
\bibindent=\dimen176
\bibitemsep=\skip158
\indexcolsep=\skip159
\indexrule=\skip160
\indexmarkstyle=\toks22
\@indexbox=\insert252
LaTeX Info: Redefining \raggedbottom on input line 7935.
LaTeX Info: Redefining \flushbottom on input line 7939.
\glossarycolsep=\dimen177
\glossaryrule=\dimen178
\sideparvshift=\skip161
\sideins=\insert251
\sidebartopsep=\skip162
\sidebarhsep=\skip163
\sidebarvsep=\skip164
\sidebarwidth=\skip165
\footmarkwidth=\skip166
\footmarksep=\skip167
\footparindent=\skip168
\footinsdim=\skip169
\footinsv@r=\insert250
\@mpfootinsv@r=\insert249
\m@m@k=\count287
\m@m@h=\dimen179
\m@mipn@skip=\skip170
\sidefootins=\insert248
\sidefootadjust=\skip171
\sidefootheight=\skip172
\sidefoothsep=\skip173
\sidefootvsep=\skip174
\sidefootwidth=\skip175
\m@mdownsf=\skip176
\c@sidefootnote=\count288
\sidefootmarkwidth=\skip177
\sidefootmarksep=\skip178
\sidefootparindent=\skip179
\c@pagenote=\count289
\c@pagenoteshadow=\count290
\mem@pn@lastkern=\skip180
 (/home/veronica/.TinyTeX/texmf-dist/tex/latex/tools/verbatim.sty
Package: verbatim 2023-11-06 v1.5v LaTeX2e package for verbatim enhancements
\every@verbatim=\toks23
\verbatim@line=\toks24
\verbatim@in@stream=\read2
)
\verbatimindent=\skip181
\verbatim@out=\write3
 (/home/veronica/.TinyTeX/texmf-dist/tex/latex/base/shortvrb.sty
Package: shortvrb 2022/11/13 v3.0m Standard LaTeX documentation package V3 (FMi)
)
\bvboxsep=\skip182
\c@memfbvline=\count291
\c@bvlinectr=\count292
\bvnumlength=\skip183
\fb@frw=\dimen180
\fb@frh=\dimen181
\FrameRule=\dimen182
\FrameSep=\dimen183
\c@cp@cntr=\count293
\c@ism@mctr=\count294
\c@xsm@mctr=\count295
\c@csm@mctr=\count296
\c@ksm@mctr=\count297
\c@xksm@mctr=\count298
\c@cksm@mctr=\count299
\c@msm@mctr=\count300
\c@xmsm@mctr=\count301
\c@cmsm@mctr=\count302
\c@bsm@mctr=\count303
\c@workm@mctr=\count304
\c@sheetsequence=\count305
\c@lastsheet=\count306
\c@lastpage=\count307
 (/home/veronica/.TinyTeX/texmf-dist/tex/latex/textcase/textcase.sty
Package: textcase 2023/07/27 v1.04 Text only upper/lower case changing (DPC)
Package textcase Info: Defining Legacy names on input line 20.
)
\c@figure=\count308
\c@lofdepth=\count309
\cftbeforefigureskip=\skip184
\cftfigureindent=\skip185
\cftfigurenumwidth=\skip186
\c@table=\count310
\c@lotdepth=\count311
\cftbeforetableskip=\skip187
\cfttableindent=\skip188
\cfttablenumwidth=\skip189
Package abstract [2008/07/23] emulated by memoir.
Package appendix [2008/07/23] emulated by memoir.
Package ccaption [2008/07/23] emulated by memoir.
Package changepage [2008/07/23] emulated by memoir.
Package chngcntr [2008/07/23] emulated by memoir.
Package chngpage [2008/07/23] emulated by memoir.
Package crop emulated by memoir.
Package enumerate [2008/07/23] emulated by memoir.
Package epigraph [2008/07/23] emulated by memoir.
Package ifmtarg [2008/07/23] emulated by memoir.
Package index [2008/07/23] emulated by memoir.
Package makeidx [2008/07/23] emulated by memoir.
Package moreverb [2008/07/23] emulated by memoir.
Package needspace [2008/07/23] emulated by memoir.
Package newfile [2008/07/23] emulated by memoir.
Package nextpage [2008/07/23] emulated by memoir.
Package pagenote [2008/07/23] emulated by memoir.
Package parskip [2008/07/23] emulated by memoir.
Package patchcmd [2008/07/23] emulated by memoir.
Package setspace [2008/07/23] emulated by memoir.
Package shortvrb [2008/07/23] emulated by memoir.
Package showidx [2008/07/23] emulated by memoir.
Package titleref [2008/07/23] emulated by memoir.
Package titling [2008/07/23] emulated by memoir.
Package tocbibind [2008/07/23] emulated by memoir.
Package tocloft [2008/07/23] emulated by memoir.
Package tocvsec2 [2008/07/23] emulated by memoir.
Package verbatim [2008/07/23] emulated by memoir.
Package verse [2008/07/23] emulated by memoir.
) (/home/veronica/.TinyTeX/texmf-dist/tex/latex/libertine/libertine.sty
Package: libertine 2023/11/26 (Bob Tennent) Supports Libertine and Biolinum fonts for all LaTeX engines.
 (/home/veronica/.TinyTeX/texmf-dist/tex/generic/iftex/ifxetex.sty
Package: ifxetex 2019/10/25 v0.7 ifxetex legacy package. Use iftex instead.
) (/home/veronica/.TinyTeX/texmf-dist/tex/generic/iftex/ifluatex.sty
Package: ifluatex 2019/10/25 v1.5 ifluatex legacy package. Use iftex instead.
) (/home/veronica/.TinyTeX/texmf-dist/tex/latex/xkeyval/xkeyval.sty
Package: xkeyval 2022/06/16 v2.9 package option processing (HA)
 (/home/veronica/.TinyTeX/texmf-dist/tex/generic/xkeyval/xkeyval.tex (/home/veronica/.TinyTeX/texmf-dist/tex/generic/xkeyval/xkvutils.tex
\XKV@toks=\toks25
\XKV@tempa@toks=\toks26
)
\XKV@depth=\count312
File: xkeyval.tex 2014/12/03 v2.7a key=value parser (HA)
)) (/home/veronica/.TinyTeX/texmf-dist/tex/latex/base/textcomp.sty
Package: textcomp 2020/02/02 v2.0n Standard LaTeX package
) (/home/veronica/.TinyTeX/texmf-dist/tex/latex/fontspec/fontspec.sty
Package: fontspec 2024/02/13 v2.9a Font selection for XeLaTeX and LuaLaTeX
Lua module: fontspec 2024/02/13 2.9a Font selection for XeLaTeX and LuaLaTeX (/home/veronica/.TinyTeX/texmf-dist/tex/latex/fontspec/fontspec-luatex.sty
Package: fontspec-luatex 2024/02/13 v2.9a Font selection for XeLaTeX and LuaLaTeX
\l__fontspec_script_int=\count313
\l__fontspec_language_int=\count314
\l__fontspec_strnum_int=\count315
\l__fontspec_tmp_int=\count316
\l__fontspec_tmpa_int=\count317
\l__fontspec_tmpb_int=\count318
\l__fontspec_tmpc_int=\count319
\l__fontspec_em_int=\count320
\l__fontspec_emdef_int=\count321
\l__fontspec_strong_int=\count322
\l__fontspec_strongdef_int=\count323
\l__fontspec_tmpa_dim=\dimen184
\l__fontspec_tmpb_dim=\dimen185
\l__fontspec_tmpc_dim=\dimen186
 (/home/veronica/.TinyTeX/texmf-dist/tex/latex/base/fontenc.sty
Package: fontenc 2021/04/29 v2.0v Standard LaTeX package
) (/home/veronica/.TinyTeX/texmf-dist/tex/latex/fontspec/fontspec.cfg)))

Package fontspec Info: LinLibertine_R scale = 1.


Package fontspec Info: LinLibertine_R scale = 1.


Package fontspec Info: LinLibertine_R scale = 1.


Package fontspec Info: LinLibertine_RB scale = 1.


Package fontspec Info: LinLibertine_RB scale = 1.


Package fontspec Info: LinLibertine_RI scale = 1.


Package fontspec Info: LinLibertine_RI scale = 1.


Package fontspec Info: LinLibertine_RBI scale = 1.


Package fontspec Info: LinLibertine_RBI scale = 1.


Package fontspec Info: Font family 'LinLibertine(0)' created for font
(fontspec)             'LinLibertine' with options [Ligatures = TeX,Extension
(fontspec)             =
(fontspec)             .otf,SmallCapsFeatures={Letters=SmallCaps},Ligatures=TeX,Numbers
(fontspec)             = {Monospaced,Lining},Scale = 1,UprightFont =
(fontspec)             *_R,ItalicFont = *_RI,BoldFont = *_RB,BoldItalicFont =
(fontspec)             *_RBI].
(fontspec)              
(fontspec)              This font family consists of the following NFSS
(fontspec)             series/shapes:
(fontspec)              
(fontspec)             - 'normal' (m/n) with NFSS spec.:
(fontspec)             <->s*[1]"[LinLibertine_R.otf]:mode=node;script=latn;language=dflt;+tlig;+tnum;+lnum;"
(fontspec)             - 'small caps'  (m/sc) with NFSS spec.:
(fontspec)             <->s*[1]"[LinLibertine_R.otf]:mode=node;script=latn;language=dflt;+tlig;+tnum;+lnum;+smcp;"
(fontspec)             - 'bold' (b/n) with NFSS spec.:
(fontspec)             <->s*[1]"[LinLibertine_RB.otf]:mode=node;script=latn;language=dflt;+tlig;+tnum;+lnum;"
(fontspec)             - 'bold small caps'  (b/sc) with NFSS spec.:
(fontspec)             <->s*[1]"[LinLibertine_RB.otf]:mode=node;script=latn;language=dflt;+tlig;+tnum;+lnum;+smcp;"
(fontspec)             - 'italic' (m/it) with NFSS spec.:
(fontspec)             <->s*[1]"[LinLibertine_RI.otf]:mode=node;script=latn;language=dflt;+tlig;+tnum;+lnum;"
(fontspec)             - 'italic small caps'  (m/scit) with NFSS spec.:
(fontspec)             <->s*[1]"[LinLibertine_RI.otf]:mode=node;script=latn;language=dflt;+tlig;+tnum;+lnum;+smcp;"
(fontspec)             - 'bold italic' (b/it) with NFSS spec.:
(fontspec)             <->s*[1]"[LinLibertine_RBI.otf]:mode=node;script=latn;language=dflt;+tlig;+tnum;+lnum;"
(fontspec)             - 'bold italic small caps'  (b/scit) with NFSS spec.:
(fontspec)             <->s*[1]"[LinLibertine_RBI.otf]:mode=node;script=latn;language=dflt;+tlig;+tnum;+lnum;+smcp;"

LaTeX Font Info:    Font shape `TU/LinLibertine(0)/m/n' will be
(Font)              scaled to size 14.4pt on input line 307.

Package fontspec Info: LinBiolinum_R scale = 1.


Package fontspec Info: LinBiolinum_R scale = 1.


Package fontspec Info: LinBiolinum_R scale = 1.


Package fontspec Info: LinBiolinum_RB scale = 1.


Package fontspec Info: LinBiolinum_RB scale = 1.


Package fontspec Info: LinBiolinum_RI scale = 1.


Package fontspec Info: LinBiolinum_RI scale = 1.


Package fontspec Info: LinBiolinum_RBO scale = 1.


Package fontspec Info: LinBiolinum_RBO scale = 1.


Package fontspec Info: Font family 'LinBiolinum(0)' created for font
(fontspec)             'LinBiolinum' with options [Ligatures = TeX,Extension =
(fontspec)             .otf,SmallCapsFeatures={Letters=SmallCaps},Ligatures=TeX,Numbers
(fontspec)             = {Monospaced, Lining},Scale = 1,UprightFont =
(fontspec)             *_R,ItalicFont = *_RI,BoldFont = *_RB,BoldItalicFont =
(fontspec)             *_RBO].
(fontspec)              
(fontspec)              This font family consists of the following NFSS
(fontspec)             series/shapes:
(fontspec)              
(fontspec)             - 'normal' (m/n) with NFSS spec.:
(fontspec)             <->s*[1]"[LinBiolinum_R.otf]:mode=node;script=latn;language=dflt;+tlig;+tnum;+lnum;"
(fontspec)             - 'small caps'  (m/sc) with NFSS spec.:
(fontspec)             <->s*[1]"[LinBiolinum_R.otf]:mode=node;script=latn;language=dflt;+tlig;+tnum;+lnum;+smcp;"
(fontspec)             - 'bold' (b/n) with NFSS spec.:
(fontspec)             <->s*[1]"[LinBiolinum_RB.otf]:mode=node;script=latn;language=dflt;+tlig;+tnum;+lnum;"
(fontspec)             - 'bold small caps'  (b/sc) with NFSS spec.:
(fontspec)             <->s*[1]"[LinBiolinum_RB.otf]:mode=node;script=latn;language=dflt;+tlig;+tnum;+lnum;+smcp;"
(fontspec)             - 'italic' (m/it) with NFSS spec.:
(fontspec)             <->s*[1]"[LinBiolinum_RI.otf]:mode=node;script=latn;language=dflt;+tlig;+tnum;+lnum;"
(fontspec)             - 'italic small caps'  (m/scit) with NFSS spec.:
(fontspec)             <->s*[1]"[LinBiolinum_RI.otf]:mode=node;script=latn;language=dflt;+tlig;+tnum;+lnum;+smcp;"
(fontspec)             - 'bold italic' (b/it) with NFSS spec.:
(fontspec)             <->s*[1]"[LinBiolinum_RBO.otf]:mode=node;script=latn;language=dflt;+tlig;+tnum;+lnum;"
(fontspec)             - 'bold italic small caps'  (b/scit) with NFSS spec.:
(fontspec)             <->s*[1]"[LinBiolinum_RBO.otf]:mode=node;script=latn;language=dflt;+tlig;+tnum;+lnum;+smcp;"


Package fontspec Info: LinLibertine_R scale = 1.


Package fontspec Info: LinLibertine_R scale = 1.


Package fontspec Info: LinLibertine_R scale = 1.


Package fontspec Info: LinLibertine_RB scale = 1.


Package fontspec Info: LinLibertine_RB scale = 1.


Package fontspec Info: LinLibertine_RI scale = 1.


Package fontspec Info: LinLibertine_RI scale = 1.


Package fontspec Info: LinLibertine_RBI scale = 1.


Package fontspec Info: LinLibertine_RBI scale = 1.


Package fontspec Info: Font family 'LinLibertine(1)' created for font
(fontspec)             'LinLibertine' with options [Ligatures = TeX,Extension
(fontspec)             = .otf,SmallCapsFeatures={Letters=SmallCaps},Numbers =
(fontspec)             {Monospaced,Lining},Scale = 1,UprightFont =
(fontspec)             *_R,ItalicFont = *_RI,BoldFont = *_RB,BoldItalicFont =
(fontspec)             *_RBI].
(fontspec)              
(fontspec)              This font family consists of the following NFSS
(fontspec)             series/shapes:
(fontspec)              
(fontspec)             - 'normal' (m/n) with NFSS spec.:
(fontspec)             <->s*[1]"[LinLibertine_R.otf]:mode=node;script=latn;language=dflt;+tlig;+tnum;+lnum;"
(fontspec)             - 'small caps'  (m/sc) with NFSS spec.:
(fontspec)             <->s*[1]"[LinLibertine_R.otf]:mode=node;script=latn;language=dflt;+tlig;+tnum;+lnum;+smcp;"
(fontspec)             - 'bold' (b/n) with NFSS spec.:
(fontspec)             <->s*[1]"[LinLibertine_RB.otf]:mode=node;script=latn;language=dflt;+tlig;+tnum;+lnum;"
(fontspec)             - 'bold small caps'  (b/sc) with NFSS spec.:
(fontspec)             <->s*[1]"[LinLibertine_RB.otf]:mode=node;script=latn;language=dflt;+tlig;+tnum;+lnum;+smcp;"
(fontspec)             - 'italic' (m/it) with NFSS spec.:
(fontspec)             <->s*[1]"[LinLibertine_RI.otf]:mode=node;script=latn;language=dflt;+tlig;+tnum;+lnum;"
(fontspec)             - 'italic small caps'  (m/scit) with NFSS spec.:
(fontspec)             <->s*[1]"[LinLibertine_RI.otf]:mode=node;script=latn;language=dflt;+tlig;+tnum;+lnum;+smcp;"
(fontspec)             - 'bold italic' (b/it) with NFSS spec.:
(fontspec)             <->s*[1]"[LinLibertine_RBI.otf]:mode=node;script=latn;language=dflt;+tlig;+tnum;+lnum;"
(fontspec)             - 'bold italic small caps'  (b/scit) with NFSS spec.:
(fontspec)             <->s*[1]"[LinLibertine_RBI.otf]:mode=node;script=latn;language=dflt;+tlig;+tnum;+lnum;+smcp;"


Package fontspec Info: LinLibertine_RZ scale = 1.


Package fontspec Info: LinLibertine_RZ scale = 1.


Package fontspec Info: LinLibertine_RZ scale = 1.


Package fontspec Info: LinLibertine_RB scale = 1.


Package fontspec Info: LinLibertine_RB scale = 1.


Package fontspec Info: LinLibertine_RZI scale = 1.


Package fontspec Info: LinLibertine_RZI scale = 1.


Package fontspec Info: LinLibertine_RBI scale = 1.


Package fontspec Info: LinLibertine_RBI scale = 1.


Package fontspec Info: Font family 'LinLibertine(2)' created for font
(fontspec)             'LinLibertine' with options [Ligatures = TeX,Extension
(fontspec)             = .otf,SmallCapsFeatures={Letters=SmallCaps},Numbers =
(fontspec)             { Monospaced, Lining},Scale = 1,UprightFont =
(fontspec)             *_RZ,ItalicFont = *_RZI,BoldFont = *_RB,BoldItalicFont
(fontspec)             = *_RBI].
(fontspec)              
(fontspec)              This font family consists of the following NFSS
(fontspec)             series/shapes:
(fontspec)              
(fontspec)             - 'normal' (m/n) with NFSS spec.:
(fontspec)             <->s*[1]"[LinLibertine_RZ.otf]:mode=node;script=latn;language=dflt;+tlig;+tnum;+lnum;"
(fontspec)             - 'small caps'  (m/sc) with NFSS spec.:
(fontspec)             <->s*[1]"[LinLibertine_RZ.otf]:mode=node;script=latn;language=dflt;+tlig;+tnum;+lnum;+smcp;"
(fontspec)             - 'bold' (b/n) with NFSS spec.:
(fontspec)             <->s*[1]"[LinLibertine_RB.otf]:mode=node;script=latn;language=dflt;+tlig;+tnum;+lnum;"
(fontspec)             - 'bold small caps'  (b/sc) with NFSS spec.:
(fontspec)             <->s*[1]"[LinLibertine_RB.otf]:mode=node;script=latn;language=dflt;+tlig;+tnum;+lnum;+smcp;"
(fontspec)             - 'italic' (m/it) with NFSS spec.:
(fontspec)             <->s*[1]"[LinLibertine_RZI.otf]:mode=node;script=latn;language=dflt;+tlig;+tnum;+lnum;"
(fontspec)             - 'italic small caps'  (m/scit) with NFSS spec.:
(fontspec)             <->s*[1]"[LinLibertine_RZI.otf]:mode=node;script=latn;language=dflt;+tlig;+tnum;+lnum;+smcp;"
(fontspec)             - 'bold italic' (b/it) with NFSS spec.:
(fontspec)             <->s*[1]"[LinLibertine_RBI.otf]:mode=node;script=latn;language=dflt;+tlig;+tnum;+lnum;"
(fontspec)             - 'bold italic small caps'  (b/scit) with NFSS spec.:
(fontspec)             <->s*[1]"[LinLibertine_RBI.otf]:mode=node;script=latn;language=dflt;+tlig;+tnum;+lnum;+smcp;"


Package fontspec Info: LinLibertine_R scale = 1.


Package fontspec Info: LinLibertine_R scale = 1.


Package fontspec Info: LinLibertine_R scale = 1.


Package fontspec Info: LinLibertine_RB scale = 1.


Package fontspec Info: LinLibertine_RB scale = 1.


Package fontspec Info: LinLibertine_RI scale = 1.


Package fontspec Info: LinLibertine_RI scale = 1.


Package fontspec Info: LinLibertine_RBI scale = 1.


Package fontspec Info: LinLibertine_RBI scale = 1.


Package fontspec Info: Font family 'LinLibertine(3)' created for font
(fontspec)             'LinLibertine' with options [Ligatures = TeX,Extension
(fontspec)             = .otf,SmallCapsFeatures={Letters=SmallCaps},Numbers =
(fontspec)             {Monospaced,OldStyle},Scale = 1,UprightFont =
(fontspec)             *_R,ItalicFont = *_RI,BoldFont = *_RB,BoldItalicFont =
(fontspec)             *_RBI].
(fontspec)              
(fontspec)              This font family consists of the following NFSS
(fontspec)             series/shapes:
(fontspec)              
(fontspec)             - 'normal' (m/n) with NFSS spec.:
(fontspec)             <->s*[1]"[LinLibertine_R.otf]:mode=node;script=latn;language=dflt;+tlig;+tnum;+onum;"
(fontspec)             - 'small caps'  (m/sc) with NFSS spec.:
(fontspec)             <->s*[1]"[LinLibertine_R.otf]:mode=node;script=latn;language=dflt;+tlig;+tnum;+onum;+smcp;"
(fontspec)             - 'bold' (b/n) with NFSS spec.:
(fontspec)             <->s*[1]"[LinLibertine_RB.otf]:mode=node;script=latn;language=dflt;+tlig;+tnum;+onum;"
(fontspec)             - 'bold small caps'  (b/sc) with NFSS spec.:
(fontspec)             <->s*[1]"[LinLibertine_RB.otf]:mode=node;script=latn;language=dflt;+tlig;+tnum;+onum;+smcp;"
(fontspec)             - 'italic' (m/it) with NFSS spec.:
(fontspec)             <->s*[1]"[LinLibertine_RI.otf]:mode=node;script=latn;language=dflt;+tlig;+tnum;+onum;"
(fontspec)             - 'italic small caps'  (m/scit) with NFSS spec.:
(fontspec)             <->s*[1]"[LinLibertine_RI.otf]:mode=node;script=latn;language=dflt;+tlig;+tnum;+onum;+smcp;"
(fontspec)             - 'bold italic' (b/it) with NFSS spec.:
(fontspec)             <->s*[1]"[LinLibertine_RBI.otf]:mode=node;script=latn;language=dflt;+tlig;+tnum;+onum;"
(fontspec)             - 'bold italic small caps'  (b/scit) with NFSS spec.:
(fontspec)             <->s*[1]"[LinLibertine_RBI.otf]:mode=node;script=latn;language=dflt;+tlig;+tnum;+onum;+smcp;"


Package fontspec Info: LinLibertine_R scale = 1.

luaotfload | aux : font no 38 (nil) does not define feature smcp for script latn with language dflt

Package fontspec Info: Font family 'LinLibertine(4)' created for font
(fontspec)             'LinLibertine' with options [Ligatures = TeX,Extension
(fontspec)             = .otf,SmallCapsFeatures={Letters=SmallCaps},Numbers =
(fontspec)             {Monospaced,Lining},UprightFont = *_DR,ItalicFont =
(fontspec)             *_RI,BoldFont = *_RB,BoldItalicFont = *_RBI].
(fontspec)              
(fontspec)              This font family consists of the following NFSS
(fontspec)             series/shapes:
(fontspec)              
(fontspec)             - 'normal' (m/n) with NFSS spec.:
(fontspec)             <->"[LinLibertine_DR.otf]:mode=node;script=latn;language=dflt;+tlig;+tnum;+lnum;"
(fontspec)             - 'small caps'  (m/sc) with NFSS spec.: 
(fontspec)             - 'bold' (b/n) with NFSS spec.:
(fontspec)             <->"[LinLibertine_RB.otf]:mode=node;script=latn;language=dflt;+tlig;+tnum;+lnum;"
(fontspec)             - 'bold small caps'  (b/sc) with NFSS spec.:
(fontspec)             <->"[LinLibertine_RB.otf]:mode=node;script=latn;language=dflt;+tlig;+tnum;+lnum;+smcp;"
(fontspec)             - 'italic' (m/it) with NFSS spec.:
(fontspec)             <->"[LinLibertine_RI.otf]:mode=node;script=latn;language=dflt;+tlig;+tnum;+lnum;"
(fontspec)             - 'italic small caps'  (m/scit) with NFSS spec.:
(fontspec)             <->"[LinLibertine_RI.otf]:mode=node;script=latn;language=dflt;+tlig;+tnum;+lnum;+smcp;"
(fontspec)             - 'bold italic' (b/it) with NFSS spec.:
(fontspec)             <->"[LinLibertine_RBI.otf]:mode=node;script=latn;language=dflt;+tlig;+tnum;+lnum;"
(fontspec)             - 'bold italic small caps'  (b/scit) with NFSS spec.:
(fontspec)             <->"[LinLibertine_RBI.otf]:mode=node;script=latn;language=dflt;+tlig;+tnum;+lnum;+smcp;"


Package fontspec Info: LinBiolinum_R scale = 1.


Package fontspec Info: LinBiolinum_R scale = 1.


Package fontspec Info: LinBiolinum_R scale = 1.


Package fontspec Info: LinBiolinum_RB scale = 1.


Package fontspec Info: LinBiolinum_RB scale = 1.


Package fontspec Info: LinBiolinum_RI scale = 1.


Package fontspec Info: LinBiolinum_RI scale = 1.


Package fontspec Info: LinBiolinum_RBO scale = 1.


Package fontspec Info: LinBiolinum_RBO scale = 1.


Package fontspec Info: Font family 'LinBiolinum(1)' created for font
(fontspec)             'LinBiolinum' with options [Ligatures = TeX,Extension =
(fontspec)             .otf,SmallCapsFeatures={Letters=SmallCaps},Numbers =
(fontspec)             {Monospaced, Lining},Scale = 1,UprightFont =
(fontspec)             *_R,ItalicFont = *_RI,BoldFont = *_RB,BoldItalicFont =
(fontspec)             *_RBO].
(fontspec)              
(fontspec)              This font family consists of the following NFSS
(fontspec)             series/shapes:
(fontspec)              
(fontspec)             - 'normal' (m/n) with NFSS spec.:
(fontspec)             <->s*[1]"[LinBiolinum_R.otf]:mode=node;script=latn;language=dflt;+tlig;+tnum;+lnum;"
(fontspec)             - 'small caps'  (m/sc) with NFSS spec.:
(fontspec)             <->s*[1]"[LinBiolinum_R.otf]:mode=node;script=latn;language=dflt;+tlig;+tnum;+lnum;+smcp;"
(fontspec)             - 'bold' (b/n) with NFSS spec.:
(fontspec)             <->s*[1]"[LinBiolinum_RB.otf]:mode=node;script=latn;language=dflt;+tlig;+tnum;+lnum;"
(fontspec)             - 'bold small caps'  (b/sc) with NFSS spec.:
(fontspec)             <->s*[1]"[LinBiolinum_RB.otf]:mode=node;script=latn;language=dflt;+tlig;+tnum;+lnum;+smcp;"
(fontspec)             - 'italic' (m/it) with NFSS spec.:
(fontspec)             <->s*[1]"[LinBiolinum_RI.otf]:mode=node;script=latn;language=dflt;+tlig;+tnum;+lnum;"
(fontspec)             - 'italic small caps'  (m/scit) with NFSS spec.:
(fontspec)             <->s*[1]"[LinBiolinum_RI.otf]:mode=node;script=latn;language=dflt;+tlig;+tnum;+lnum;+smcp;"
(fontspec)             - 'bold italic' (b/it) with NFSS spec.:
(fontspec)             <->s*[1]"[LinBiolinum_RBO.otf]:mode=node;script=latn;language=dflt;+tlig;+tnum;+lnum;"
(fontspec)             - 'bold italic small caps'  (b/scit) with NFSS spec.:
(fontspec)             <->s*[1]"[LinBiolinum_RBO.otf]:mode=node;script=latn;language=dflt;+tlig;+tnum;+lnum;+smcp;"


Package fontspec Info: LinBiolinum_R scale = 1.


Package fontspec Info: LinBiolinum_R scale = 1.


Package fontspec Info: LinBiolinum_R scale = 1.


Package fontspec Info: LinBiolinum_RB scale = 1.


Package fontspec Info: LinBiolinum_RB scale = 1.


Package fontspec Info: LinBiolinum_RI scale = 1.


Package fontspec Info: LinBiolinum_RI scale = 1.


Package fontspec Info: LinBiolinum_RBO scale = 1.


Package fontspec Info: LinBiolinum_RBO scale = 1.


Package fontspec Info: Font family 'LinBiolinum(2)' created for font
(fontspec)             'LinBiolinum' with options [Ligatures = TeX,Extension =
(fontspec)             .otf,SmallCapsFeatures={Letters=SmallCaps},Numbers =
(fontspec)             {Monospaced, OldStyle},Scale = 1,UprightFont =
(fontspec)             *_R,ItalicFont = *_RI,BoldFont = *_RB,BoldItalicFont =
(fontspec)             *_RBO].
(fontspec)              
(fontspec)              This font family consists of the following NFSS
(fontspec)             series/shapes:
(fontspec)              
(fontspec)             - 'normal' (m/n) with NFSS spec.:
(fontspec)             <->s*[1]"[LinBiolinum_R.otf]:mode=node;script=latn;language=dflt;+tlig;+tnum;+onum;"
(fontspec)             - 'small caps'  (m/sc) with NFSS spec.:
(fontspec)             <->s*[1]"[LinBiolinum_R.otf]:mode=node;script=latn;language=dflt;+tlig;+tnum;+onum;+smcp;"
(fontspec)             - 'bold' (b/n) with NFSS spec.:
(fontspec)             <->s*[1]"[LinBiolinum_RB.otf]:mode=node;script=latn;language=dflt;+tlig;+tnum;+onum;"
(fontspec)             - 'bold small caps'  (b/sc) with NFSS spec.:
(fontspec)             <->s*[1]"[LinBiolinum_RB.otf]:mode=node;script=latn;language=dflt;+tlig;+tnum;+onum;+smcp;"
(fontspec)             - 'italic' (m/it) with NFSS spec.:
(fontspec)             <->s*[1]"[LinBiolinum_RI.otf]:mode=node;script=latn;language=dflt;+tlig;+tnum;+onum;"
(fontspec)             - 'italic small caps'  (m/scit) with NFSS spec.:
(fontspec)             <->s*[1]"[LinBiolinum_RI.otf]:mode=node;script=latn;language=dflt;+tlig;+tnum;+onum;+smcp;"
(fontspec)             - 'bold italic' (b/it) with NFSS spec.:
(fontspec)             <->s*[1]"[LinBiolinum_RBO.otf]:mode=node;script=latn;language=dflt;+tlig;+tnum;+onum;"
(fontspec)             - 'bold italic small caps'  (b/scit) with NFSS spec.:
(fontspec)             <->s*[1]"[LinBiolinum_RBO.otf]:mode=node;script=latn;language=dflt;+tlig;+tnum;+onum;+smcp;"


Package fontspec Info: LinBiolinum_R scale = 1.


Package fontspec Info: LinLibertine_M scale = 1.


Package fontspec Info: LinLibertine_M scale = 1.

luaotfload | aux : font no 41 (nil) does not define feature smcp for script latn with language dflt

Package fontspec Info: LinLibertine_MB scale = 1.

luaotfload | aux : font no 42 (nil) does not define feature smcp for script latn with language dflt

Package fontspec Info: LinLibertine_MO scale = 1.

luaotfload | aux : font no 43 (nil) does not define feature smcp for script latn with language dflt

Package fontspec Info: LinLibertine_MBO scale = 1.

luaotfload | aux : font no 44 (nil) does not define feature smcp for script latn with language dflt

Package fontspec Info: Font family 'LinLibertine(5)' created for font
(fontspec)             'LinLibertine' with options [Extension =
(fontspec)             .otf,HyphenChar=None,WordSpace={1,0,0},HyphenChar=None,PunctuationSpace=WordSpace,Scale
(fontspec)             = 1,UprightFont = *_M,ItalicFont = *_MO,BoldFont =
(fontspec)             *_MB,BoldItalicFont = *_MBO].
(fontspec)              
(fontspec)              This font family consists of the following NFSS
(fontspec)             series/shapes:
(fontspec)              
(fontspec)             - 'normal' (m/n) with NFSS spec.:
(fontspec)             <->s*[1]"[LinLibertine_M.otf]:mode=node;script=latn;language=dflt;"
(fontspec)             - 'small caps'  (m/sc) with NFSS spec.: 
(fontspec)             and font adjustment code:
(fontspec)             \fontdimen 2\font =1\fontdimen 2\font \fontdimen 3\font
(fontspec)             =0\fontdimen 3\font \fontdimen 4\font =0\fontdimen
(fontspec)             4\font \fontdimen 7\font =0\fontdimen 2\font
(fontspec)             \tex_hyphenchar:D \font =-1\scan_stop:
(fontspec)             \tex_hyphenchar:D \font =-1\scan_stop: 
(fontspec)             - 'bold' (b/n) with NFSS spec.:
(fontspec)             <->s*[1]"[LinLibertine_MB.otf]:mode=node;script=latn;language=dflt;"
(fontspec)             - 'bold small caps'  (b/sc) with NFSS spec.: 
(fontspec)             and font adjustment code:
(fontspec)             \fontdimen 2\font =1\fontdimen 2\font \fontdimen 3\font
(fontspec)             =0\fontdimen 3\font \fontdimen 4\font =0\fontdimen
(fontspec)             4\font \fontdimen 7\font =0\fontdimen 2\font
(fontspec)             \tex_hyphenchar:D \font =-1\scan_stop:
(fontspec)             \tex_hyphenchar:D \font =-1\scan_stop: 
(fontspec)             - 'italic' (m/it) with NFSS spec.:
(fontspec)             <->s*[1]"[LinLibertine_MO.otf]:mode=node;script=latn;language=dflt;"
(fontspec)             - 'italic small caps'  (m/scit) with NFSS spec.: 
(fontspec)             and font adjustment code:
(fontspec)             \fontdimen 2\font =1\fontdimen 2\font \fontdimen 3\font
(fontspec)             =0\fontdimen 3\font \fontdimen 4\font =0\fontdimen
(fontspec)             4\font \fontdimen 7\font =0\fontdimen 2\font
(fontspec)             \tex_hyphenchar:D \font =-1\scan_stop:
(fontspec)             \tex_hyphenchar:D \font =-1\scan_stop: 
(fontspec)             - 'bold italic' (b/it) with NFSS spec.:
(fontspec)             <->s*[1]"[LinLibertine_MBO.otf]:mode=node;script=latn;language=dflt;"
(fontspec)             - 'bold italic small caps'  (b/scit) with NFSS spec.: 
(fontspec)             and font adjustment code:
(fontspec)             \fontdimen 2\font =1\fontdimen 2\font \fontdimen 3\font
(fontspec)             =0\fontdimen 3\font \fontdimen 4\font =0\fontdimen
(fontspec)             4\font \fontdimen 7\font =0\fontdimen 2\font
(fontspec)             \tex_hyphenchar:D \font =-1\scan_stop:
(fontspec)             \tex_hyphenchar:D \font =-1\scan_stop: 


Package fontspec Info: LinLibertine_M scale = 1.


Package fontspec Info: LinLibertine_M scale = 1.

luaotfload | aux : font no 41 (nil) does not define feature smcp for script latn with language dflt

Package fontspec Info: LinLibertine_MB scale = 1.

luaotfload | aux : font no 42 (nil) does not define feature smcp for script latn with language dflt

Package fontspec Info: LinLibertine_MO scale = 1.

luaotfload | aux : font no 43 (nil) does not define feature smcp for script latn with language dflt

Package fontspec Info: LinLibertine_MBO scale = 1.

luaotfload | aux : font no 44 (nil) does not define feature smcp for script latn with language dflt

Package fontspec Info: Font family 'LinLibertine(6)' created for font
(fontspec)             'LinLibertine' with options [Extension =
(fontspec)             .otf,HyphenChar=None,Scale = 1,UprightFont =
(fontspec)             *_M,ItalicFont = *_MO,BoldFont = *_MB,BoldItalicFont =
(fontspec)             *_MBO].
(fontspec)              
(fontspec)              This font family consists of the following NFSS
(fontspec)             series/shapes:
(fontspec)              
(fontspec)             - 'normal' (m/n) with NFSS spec.:
(fontspec)             <->s*[1]"[LinLibertine_M.otf]:mode=node;script=latn;language=dflt;"
(fontspec)             - 'small caps'  (m/sc) with NFSS spec.: 
(fontspec)             and font adjustment code:
(fontspec)             \tex_hyphenchar:D \font =-1\scan_stop: 
(fontspec)             - 'bold' (b/n) with NFSS spec.:
(fontspec)             <->s*[1]"[LinLibertine_MB.otf]:mode=node;script=latn;language=dflt;"
(fontspec)             - 'bold small caps'  (b/sc) with NFSS spec.: 
(fontspec)             and font adjustment code:
(fontspec)             \tex_hyphenchar:D \font =-1\scan_stop: 
(fontspec)             - 'italic' (m/it) with NFSS spec.:
(fontspec)             <->s*[1]"[LinLibertine_MO.otf]:mode=node;script=latn;language=dflt;"
(fontspec)             - 'italic small caps'  (m/scit) with NFSS spec.: 
(fontspec)             and font adjustment code:
(fontspec)             \tex_hyphenchar:D \font =-1\scan_stop: 
(fontspec)             - 'bold italic' (b/it) with NFSS spec.:
(fontspec)             <->s*[1]"[LinLibertine_MBO.otf]:mode=node;script=latn;language=dflt;"
(fontspec)             - 'bold italic small caps'  (b/scit) with NFSS spec.: 
(fontspec)             and font adjustment code:
(fontspec)             \tex_hyphenchar:D \font =-1\scan_stop: 


Package fontspec Info: Font family 'LinBiolinum_K(0)' created for font
(fontspec)             'LinBiolinum_K' with options [Extension =
(fontspec)             .otf,HyphenChar=None,BoldFont={},ItalicFont={},SmallCapsFont={}].
(fontspec)              
(fontspec)              This font family consists of the following NFSS
(fontspec)             series/shapes:
(fontspec)              
(fontspec)             - 'normal' (m/n) with NFSS spec.:
(fontspec)             <->"[LinBiolinum_K.otf]:mode=node;script=latn;language=dflt;"
(fontspec)             - 'small caps'  (m/sc) with NFSS spec.: 
(fontspec)             and font adjustment code:
(fontspec)             \tex_hyphenchar:D \font =-1\scan_stop: 


Package fontspec Info: Font family 'LinLibertine_I(0)' created for font
(fontspec)             'LinLibertine_I' with options [Extension =
(fontspec)             .otf,HyphenChar=None,BoldFont={},ItalicFont={},SmallCapsFont={}].
(fontspec)              
(fontspec)              This font family consists of the following NFSS
(fontspec)             series/shapes:
(fontspec)              
(fontspec)             - 'normal' (m/n) with NFSS spec.:
(fontspec)             <->"[LinLibertine_I.otf]:mode=node;script=latn;language=dflt;"
(fontspec)             - 'small caps'  (m/sc) with NFSS spec.: 
(fontspec)             and font adjustment code:
(fontspec)             \tex_hyphenchar:D \font =-1\scan_stop: 

LaTeX Info: Redefining \oldstylenums on input line 475.
LaTeX Info: Redefining \liningnums on input line 476.
 (/home/veronica/.TinyTeX/texmf-dist/tex/latex/libertine/LinLibertine_R.tex) (/home/veronica/.TinyTeX/texmf-dist/tex/latex/libertine/LinBiolinum_R.tex) (/home/veronica/.TinyTeX/texmf-dist/tex/latex/libertine/LinBiolinum_K.tex) (/home/veronica/.TinyTeX/texmf-dist/tex/latex/libertine/LinLibertine_I.tex) (/home/veronica/.TinyTeX/texmf-dist/tex/latex/libertine/LKey.tex)
LaTeX Info: Redefining \textsup on input line 552.
) (/home/veronica/.TinyTeX/texmf-dist/tex/lualatex/gregoriotex/gregoriotex.sty
Package: gregoriotex 2021/03/13 v6.0.0 GregorioTeX system.
 (/home/veronica/.TinyTeX/texmf-dist/tex/latex/xcolor/xcolor.sty
Package: xcolor 2023/11/15 v3.01 LaTeX color extensions (UK)
 (/home/veronica/.TinyTeX/texmf-dist/tex/latex/graphics-cfg/color.cfg
File: color.cfg 2016/01/02 v1.6 sample color configuration
)
Package xcolor Info: Driver file: luatex.def on input line 274.
 (/home/veronica/.TinyTeX/texmf-dist/tex/latex/graphics-def/luatex.def
File: luatex.def 2022/09/22 v1.2d Graphics/color driver for luatex
) (/home/veronica/.TinyTeX/texmf-dist/tex/latex/graphics/mathcolor.ltx)
Package xcolor Info: Model `cmy' substituted by `cmy0' on input line 1350.
Package xcolor Info: Model `hsb' substituted by `rgb' on input line 1354.
Package xcolor Info: Model `RGB' extended on input line 1366.
Package xcolor Info: Model `HTML' substituted by `rgb' on input line 1368.
Package xcolor Info: Model `Hsb' substituted by `hsb' on input line 1369.
Package xcolor Info: Model `tHsb' substituted by `hsb' on input line 1370.
Package xcolor Info: Model `HSB' substituted by `hsb' on input line 1371.
Package xcolor Info: Model `Gray' substituted by `gray' on input line 1372.
Package xcolor Info: Model `wave' substituted by `hsb' on input line 1373.
) (/home/veronica/.TinyTeX/texmf-dist/tex/latex/luacolor/luacolor.sty
Package: luacolor 2023-08-18 v1.18 Color support via LuaTeX's attributes (HO)
Inserting `luacolor.process' in `pre_shipout_filter'.
\LuaCol@Attribute=\attribute4
) (/home/veronica/.TinyTeX/texmf-dist/tex/latex/graphics/graphicx.sty
Package: graphicx 2021/09/16 v1.2d Enhanced LaTeX Graphics (DPC,SPQR)
 (/home/veronica/.TinyTeX/texmf-dist/tex/latex/graphics/graphics.sty
Package: graphics 2022/03/10 v1.4e Standard LaTeX Graphics (DPC,SPQR)
 (/home/veronica/.TinyTeX/texmf-dist/tex/latex/graphics/trig.sty
Package: trig 2021/08/11 v1.11 sin cos tan (DPC)
) (/home/veronica/.TinyTeX/texmf-dist/tex/latex/graphics-cfg/graphics.cfg
File: graphics.cfg 2016/06/04 v1.11 sample graphics configuration
)
Package graphics Info: Driver file: luatex.def on input line 107.
)
\Gin@req@height=\dimen187
\Gin@req@width=\dimen188
) (/home/veronica/.TinyTeX/texmf-dist/tex/luatex/luatexbase/luatexbase.sty
Package: luatexbase 2015/10/04 v1.3 luatexbase interface to LuaTeX 
 (/home/veronica/.TinyTeX/texmf-dist/tex/luatex/ctablestack/ctablestack.sty
Package: ctablestack 2015/10/01 v1.0 Catcode table stable support
\@catcodetablestackcnt=\count324
)
\CatcodeTableOther=\catcodetable14
\CatcodeTableExpl=\catcodetable15
) (/home/veronica/.TinyTeX/texmf-dist/tex/luatex/luamplib/luamplib.sty
Package: luamplib 2024/04/12 v2.28.0 mplib package for LuaTeX
Lua module: luamplib 2024/04/12 2.28.0 Lua package to typeset Metapost with LuaTeX's MPLib.
\luamplibcctabexplat=\catcodetable16
\mplibtmptoks=\toks27
\mplibscratchbox=\box57
) (/home/veronica/.TinyTeX/texmf-dist/tex/generic/xstring/xstring.sty (/home/veronica/.TinyTeX/texmf-dist/tex/generic/xstring/xstring.tex
\xs_counta=\count325
\xs_countb=\count326
)
Package: xstring 2023/08/22 v1.86 String manipulations (CT)
) (/home/veronica/.TinyTeX/texmf-dist/tex/luatex/gregoriotex/gregoriotex-main.tex (/home/veronica/.TinyTeX/texmf-dist/tex/luatex/gregoriotex/gregoriotex-common.tex)
\gre@attr@dash=\attribute5
\gre@attr@center=\attribute6
\GreScoreId=\attribute7
\gre@attr@glyph@id=\attribute8
\gre@attr@glyph@top=\attribute9
\gre@attr@glyph@bottom=\attribute10
\gre@attr@syllable@id=\attribute11
\gre@atletter=\catcodetable17
Lua module: gregoriotex 2021/03/13 6.0.0 GregorioTeX module.
Custom whatsit marker = 1
Module gregoriotex Info: marker whatsit id is 1 on input line 121

(communion-benedicite-michael.gaux)
Module gregoriotex Info: Reading communion-benedicite-michael.gaux on input line 125
Inserting `gregoriotex.write_greaux' in `finish_pdffile'.
\gre@gaux=\write4
\gre@read@temp=\read3
\gre@factor=\count327
 (/home/veronica/.TinyTeX/texmf-dist/tex/luatex/gregoriotex/gregoriotex-spaces.tex
\gre@saved@prescore@hyphenpenalty=\count328
\gre@saved@prescore@exhyphenpenalty=\count329
\gre@saved@prescore@exhyphenchar=\count330
\gre@saved@prescore@doublehyphendemerits=\count331
\gre@saved@prescore@finalhyphendemerits=\count332
\gre@saved@prescore@brokenpenalty=\count333
\gre@saved@prescore@looseness=\count334
\gre@saved@prescore@tolerance=\count335
\gre@saved@prescore@pretolerance=\count336
\gre@saved@prescore@emergencystretch=\skip190
\gre@saved@prescore@widowpenalty=\count337
\gre@saved@prescore@clubpenalty=\count338
\gre@saved@prescore@parskip=\skip191
\gre@saved@prescore@lineskip=\skip192
\gre@saved@prescore@baselineskip=\skip193
\gre@saved@prescore@lineskiplimit=\skip194
\gre@dimen@textlower=\dimen189
\gre@dimen@stafflinewidth=\dimen190
\gre@dimen@linewidth=\dimen191
\gre@dimen@stafflineheight=\dimen192
\gre@dimen@interstafflinespace=\dimen193
\gre@dimen@stafflinediff=\dimen194
\gre@dimen@constantglyphraise=\dimen195
\gre@dimen@staffheight=\dimen196
\gre@skip@syllablefinalskip=\skip195
\gre@skip@minTextDistance=\skip196
\gre@skip@minNotesDistance=\skip197
\gre@dimen@curTextDistance=\dimen197
\gre@dimen@curNotesDistance=\dimen198
\gre@skip@minShiftText=\skip198
\gre@skip@minShiftNotes=\skip199
\gre@dimen@bolshift=\dimen199
\gre@dimen@bolextra=\dimen256
\gre@dimen@clefwidth@current=\dimen257
\gre@dimen@clefwidth@largest=\dimen258
\gre@dimen@clefwidth@bol=\dimen259
\gre@dimen@eolshift=\dimen260
\gre@dimen@glyphraisevalue=\dimen261
\gre@dimen@additionalbottomspace=\dimen262
\gre@dimen@additionaltopspace=\dimen263
\gre@dimen@additionaltopspacealt=\dimen264
\gre@dimen@additionaltopspacenabc=\dimen265
\gre@space@count@additionaltopspacethreshold=\count339
\gre@space@count@additionaltopspacealtthreshold=\count340
\gre@space@count@additionaltopspacenabcthreshold=\count341
\gre@space@count@noteadditionalspacelinestextthreshold=\count342
\gre@saved@prediscretionary@dimen@additionalbottomspace=\dimen266
\gre@saved@prediscretionary@dimen@additionaltopspace=\dimen267
\gre@saved@prediscretionary@dimen@additionaltopspacealt=\dimen268
\gre@saved@prediscretionary@dimen@additionaltopspacenabc=\dimen269
\gre@saved@prediscretionary@dimen@currenttranslationheight=\dimen270
\gre@saved@prediscretionary@dimen@textlower=\dimen271
\gre@saved@prediscretionary@dimen@currentabovelinestextheight=\dimen272
\gre@saved@prediscretionary@dimen@constantglyphraise=\dimen273
\gre@dimen@textaligncenter=\dimen274
\gre@dimen@enddifference=\dimen275
\gre@dimen@previousenddifference=\dimen276
\gre@dimen@currenttranslationheight=\dimen277
\gre@skip@nextbegindifference=\skip256
\gre@dimen@annotationtrueraise=\dimen278
\gre@dimen@commentarytrueraise=\dimen279
\gre@skip@bar@requirement=\skip257
\gre@skip@bar@allocation=\skip258
\gre@dimen@bar@shift=\dimen280
\gre@skip@text@requirement=\skip259
\gre@skip@text@allocation=\skip260
\gre@dimen@text@shift=\dimen281
\gre@dimen@adjustedpreviousenddifference=\dimen282
\gre@skip@adjustednextbegindifference=\dimen283
\gre@skip@punctummorashift=\skip261
\gre@skip@alterationshift=\skip262
\gre@dimen@begindifference=\dimen284
\gre@dimen@lastglyphwidth=\dimen285
\gre@dimen@notesaligncenter=\dimen286
\gre@dimen@additionalleftspace=\dimen287
\gre@dimen@initialwidth=\dimen288
\gre@dimen@currentabovelinestextheight=\dimen289
\gre@dimen@temp@one=\dimen290
\gre@dimen@temp@two=\dimen291
\gre@dimen@temp@three=\dimen292
\gre@dimen@temp@four=\dimen293
\gre@dimen@temp@five=\dimen294
\gre@skip@temp@one=\skip263
\gre@skip@temp@two=\skip264
\gre@skip@temp@three=\skip265
\gre@skip@temp@four=\skip266
\gre@count@temp@one=\count343
\gre@count@temp@two=\count344
\gre@count@temp@three=\count345
\gre@space@count@newlinepenalty=\count346
\gre@space@count@nobreakpenalty=\count347
\gre@space@count@endofwordpenalty=\count348
\gre@space@count@endofsyllablepenalty=\count349
\gre@space@count@endafterbarpenalty=\count350
\gre@space@count@endafterbaraltpenalty=\count351
\gre@space@count@finalpenalty=\count352
\gre@space@count@endofelementpenalty=\count353
\gre@space@count@hyphenpenalty=\count354
\gre@space@count@brokenpenalty=\count355
\gre@space@count@looseness=\count356
\gre@space@count@tolerance=\count357
\gre@space@count@pretolerance=\count358
\gre@space@count@widowpenalty=\count359
\gre@space@count@clubpenalty=\count360
\greconffactor=\count361
)
\gre@box@temp@width=\box58
\gre@box@initial=\box59
\gre@biginitial=\count362
\gre@knownline=\count363
\gre@box@annotation=\box60
\gre@box@add=\box61
\gre@box@old=\box62
\gre@count@annotationvalign=\count364
\gre@box@commentary=\box63
\gre@box@lines=\box64
Module gregoriotex Info: Registering variant font greciliae as gre@font@variant@A. on input line 987
Module gregoriotex Info: Registering variant font greciliae-hollow as gre@font@variant@B. on input line 987
Module gregoriotex Info: Registering variant font greciliae-hole as gre@font@variant@C. on input line 987
luaotfload | cache : Lookup cache loaded from /home/veronica/.TinyTeX/texmf-var/luatex-cache/generic/names/luaotfload-lookup-cache.luc.
Module gregoriotex Info: Mapping font greciliae on input line 992
Module gregoriotex Info: Mapping font greciliae-hollow on input line 992
Module gregoriotex Info: Mapping font greciliae-hole on input line 992
 (/home/veronica/.TinyTeX/texmf-dist/tex/luatex/gregoriotex/gregoriotex-chars.tex
\gre@box@hep=\box65
) (/home/veronica/.TinyTeX/texmf-dist/tex/luatex/gregoriotex/gregoriotex-signs.tex
\gre@box@temp@clef=\box66
\gre@box@temp@cleftwo=\box67
\greslurheight=\dimen295
\gre@box@temp@sign=\box68
\gre@count@shiftaftermora=\count365
\gre@dimen@morawidth=\dimen296
\gre@skip@bar@lastskip=\skip267
\gre@count@lastglyphiscavum=\count366
) (/home/veronica/.TinyTeX/texmf-dist/tex/luatex/gregoriotex/gregoriotex-syllable.tex
\gre@generate@pointandclick=\count367
\gre@box@syllablenotes=\box69
\gre@box@syllabletext=\box70
\gre@clivisalignment=\count368
\gre@count@unbreakabletotalnotes=\count369
\gre@count@unbreakableinitialnotes=\count370
\gre@count@unbreakablefinalnotes=\count371
\gre@count@syllablenotes=\count372
)
\gre@variableheightexpansion=\count373
\gre@lastoflinecount=\count374
\gre@saved@prenlba@nobreakpenalty=\count375
\gre@saved@prenlba@endofwordpenalty=\count376
\gre@saved@prenlba@endofsyllablepenalty=\count377
\gre@saved@prenlba@endafterbarpenalty=\count378
\gre@saved@prenlba@endafterbaraltpenalty=\count379
\gre@saved@prenlba@endofelementpenalty=\count380
\gre@saved@prenlba@hyphenpenalty=\count381
\gre@lasteuouaeindex=\count382
 (/home/veronica/.TinyTeX/texmf-dist/tex/luatex/gregoriotex/gregoriotex-symbols.tex
Module gregoriotex Info: Registering variant font greextra as gre@font@variant@D. on input line 53
)
\gre@dimen@stafflinethicknessbase=\dimen297
\gre@dimen@glyphraisebase=\dimen298
\gre@dimen@interstafflinedistancebase=\dimen299
\gre@dimen@inclinatumonlinemoravshiftbase=\dimen300
\gre@dimen@inclinatumonlinemorahshiftbase=\dimen301
\gre@dimen@inclinatumofflinemorahshiftbase=\dimen302
 (/home/veronica/.TinyTeX/texmf-dist/tex/luatex/gregoriotex/gregoriotex-gsp-default.tex) (/home/veronica/.TinyTeX/texmf-dist/tex/luatex/gregoriotex/gregoriotex-nabc.tex)))

******************************************************
Stock height and width: 845.04684pt by 597.50787pt
Top and edge trims: 0pt and 0pt
Page height and width: 845.04684pt by 597.50787pt
Text height and width: 714.4pt by 483pt
Spine and edge margins: 51.74255pt and 62.06848pt
Upper and lower margins: 55.74036pt and 74.9065pt
Headheight and headsep: 17.5pt and 14.00005pt
Footskip: 35pt
Columnsep and columnseprule: 10pt and 0pt
Marginparsep and marginparwidth: 7pt and 48.06848pt
Sidecapsep and sidecapwidth: 7pt and 51pt
Sidebarhsep and sidebarwidth: 7pt and 51pt
Sidebarvsep and sidebartopsep: 17.5pt and 0pt
Sidebarheight: 589.74994pt
Sidefoothsep and sidefootwidth: 7pt and 51pt
Sidefootvsep and sidefootheight: 17.5pt and 589.74994pt
******************************************************

(./communion-benedicite-michael.aux)
\openout1 = communion-benedicite-michael.aux

LaTeX Font Info:    Checking defaults for OML/cmm/m/it on input line 12.
LaTeX Font Info:    ... okay on input line 12.
LaTeX Font Info:    Checking defaults for OMS/cmsy/m/n on input line 12.
LaTeX Font Info:    ... okay on input line 12.
LaTeX Font Info:    Checking defaults for OT1/cmr/m/n on input line 12.
LaTeX Font Info:    ... okay on input line 12.
LaTeX Font Info:    Checking defaults for T1/cmr/m/n on input line 12.
LaTeX Font Info:    ... okay on input line 12.
LaTeX Font Info:    Checking defaults for TS1/cmr/m/n on input line 12.
LaTeX Font Info:    Trying to load font information for TS1+cmr on input line 12.
 (/home/veronica/.TinyTeX/texmf-dist/tex/latex/base/ts1cmr.fd
File: ts1cmr.fd 2023/04/13 v2.5m Standard LaTeX font definitions
)
LaTeX Font Info:    ... okay on input line 12.
LaTeX Font Info:    Checking defaults for TU/lmr/m/n on input line 12.
LaTeX Font Info:    ... okay on input line 12.
LaTeX Font Info:    Checking defaults for OMX/cmex/m/n on input line 12.
LaTeX Font Info:    ... okay on input line 12.
LaTeX Font Info:    Checking defaults for U/cmr/m/n on input line 12.
LaTeX Font Info:    ... okay on input line 12.

Package fontspec Info: Adjusting the maths setup (use [no-math] to avoid
(fontspec)             this).

\symlegacymaths=\mathgroup4
LaTeX Font Info:    Overwriting symbol font `legacymaths' in version `bold'
(Font)                  OT1/cmr/m/n --> OT1/cmr/bx/n on input line 12.
LaTeX Font Info:    Redeclaring math accent \acute on input line 12.
LaTeX Font Info:    Redeclaring math accent \grave on input line 12.
LaTeX Font Info:    Redeclaring math accent \ddot on input line 12.
LaTeX Font Info:    Redeclaring math accent \tilde on input line 12.
LaTeX Font Info:    Redeclaring math accent \bar on input line 12.
LaTeX Font Info:    Redeclaring math accent \breve on input line 12.
LaTeX Font Info:    Redeclaring math accent \check on input line 12.
LaTeX Font Info:    Redeclaring math accent \hat on input line 12.
LaTeX Font Info:    Redeclaring math accent \dot on input line 12.
LaTeX Font Info:    Redeclaring math accent \mathring on input line 12.
LaTeX Font Info:    Redeclaring math symbol \colon on input line 12.
LaTeX Font Info:    Redeclaring math symbol \Gamma on input line 12.
LaTeX Font Info:    Redeclaring math symbol \Delta on input line 12.
LaTeX Font Info:    Redeclaring math symbol \Theta on input line 12.
LaTeX Font Info:    Redeclaring math symbol \Lambda on input line 12.
LaTeX Font Info:    Redeclaring math symbol \Xi on input line 12.
LaTeX Font Info:    Redeclaring math symbol \Pi on input line 12.
LaTeX Font Info:    Redeclaring math symbol \Sigma on input line 12.
LaTeX Font Info:    Redeclaring math symbol \Upsilon on input line 12.
LaTeX Font Info:    Redeclaring math symbol \Phi on input line 12.
LaTeX Font Info:    Redeclaring math symbol \Psi on input line 12.
LaTeX Font Info:    Redeclaring math symbol \Omega on input line 12.
LaTeX Font Info:    Redeclaring math symbol \mathdollar on input line 12.
LaTeX Font Info:    Redeclaring symbol font `operators' on input line 12.
LaTeX Font Info:    Encoding `OT1' has changed to `TU' for symbol font
(Font)              `operators' in the math version `normal' on input line 12.
LaTeX Font Info:    Overwriting symbol font `operators' in version `normal'
(Font)                  OT1/cmr/m/n --> TU/LinLibertine(0)/m/n on input line 12.
LaTeX Font Info:    Encoding `OT1' has changed to `TU' for symbol font
(Font)              `operators' in the math version `bold' on input line 12.
LaTeX Font Info:    Overwriting symbol font `operators' in version `bold'
(Font)                  OT1/cmr/bx/n --> TU/LinLibertine(0)/m/n on input line 12.
LaTeX Font Info:    Overwriting symbol font `operators' in version `normal'
(Font)                  TU/LinLibertine(0)/m/n --> TU/LinLibertine(0)/m/n on input line 12.
LaTeX Font Info:    Overwriting math alphabet `\mathit' in version `normal'
(Font)                  OT1/cmr/m/it --> TU/LinLibertine(0)/m/it on input line 12.
LaTeX Font Info:    Overwriting math alphabet `\mathbf' in version `normal'
(Font)                  OT1/cmr/bx/n --> TU/LinLibertine(0)/b/n on input line 12.
LaTeX Font Info:    Overwriting math alphabet `\mathsf' in version `normal'
(Font)                  OT1/cmss/m/n --> TU/LinBiolinum(0)/m/n on input line 12.
LaTeX Font Info:    Overwriting math alphabet `\mathtt' in version `normal'
(Font)                  OT1/cmtt/m/n --> TU/LinLibertine(5)/m/n on input line 12.
LaTeX Font Info:    Overwriting symbol font `operators' in version `bold'
(Font)                  TU/LinLibertine(0)/m/n --> TU/LinLibertine(0)/b/n on input line 12.
LaTeX Font Info:    Overwriting math alphabet `\mathit' in version `bold'
(Font)                  OT1/cmr/bx/it --> TU/LinLibertine(0)/b/it on input line 12.
LaTeX Font Info:    Overwriting math alphabet `\mathsf' in version `bold'
(Font)                  OT1/cmss/bx/n --> TU/LinBiolinum(0)/b/n on input line 12.
LaTeX Font Info:    Overwriting math alphabet `\mathtt' in version `bold'
(Font)                  OT1/cmtt/m/n --> TU/LinLibertine(5)/b/n on input line 12.
 (/home/veronica/.TinyTeX/texmf-dist/tex/latex/epstopdf-pkg/epstopdf-base.sty
Package: epstopdf-base 2020-01-24 v2.11 Base part for package epstopdf
Package epstopdf-base Info: Redefining graphics rule for `.eps' on input line 485.
 (/home/veronica/.TinyTeX/texmf-dist/tex/latex/latexconfig/epstopdf-sys.cfg
File: epstopdf-sys.cfg 2010/07/13 v1.3 Configuration of (r)epstopdf for TeX Live
))
LaTeX Font Info:    Font shape `TU/LinLibertine(0)/m/n' will be
(Font)              scaled to size 20.74pt on input line 14.
LaTeX Font Info:    Font shape `TU/LinLibertine(0)/b/n' will be
(Font)              scaled to size 20.74pt on input line 14.
Module gregoriotex Info: Looking in  on input line 16
Module gregoriotex Info: Found co--benedicite_omnes_angeli--solesmes.1.gabc directly on input line 16
Module gregoriotex Info: Looking in  on input line 16
Module gregoriotex Info: Found co--benedicite_omnes_angeli--solesmes.1-6_0_0.gtex directly on input line 16
 (./co--benedicite_omnes_angeli--solesmes.1-6_0_0.gtex
Removing  `luaotfload.harf.finalize_vlist' from `post_linebreak_filter'.
Inserting `gregoriotex.post_linebreak' in `post_linebreak_filter'.
Inserting `luaotfload.harf.finalize_vlist' in `post_linebreak_filter'.
Inserting `gregoriotex.disable_hyphenation' in `hyphenate'.
LaTeX Font Info:    Font shape `TU/LinLibertine(0)/m/sc' will be
(Font)              scaled to size 14.4pt on input line 12.
LaTeX Font Info:    Font shape `TU/LinLibertine(0)/b/sc' will be
(Font)              scaled to size 14.4pt on input line 12.
LaTeX Font Info:    Font shape `TU/LinLibertine(0)/b/n' will be
(Font)              scaled to size 14.4pt on input line 12.
LaTeX Font Info:    Font shape `TU/LinLibertine(0)/b/it' will be
(Font)              scaled to size 14.4pt on input line 12.
LaTeX Font Info:    Font shape `TU/LinLibertine(0)/m/n' will be
(Font)              scaled to size 10.95pt on input line 18.
LaTeX Font Info:    Font shape `TU/LinLibertine(0)/m/it' will be
(Font)              scaled to size 10.95pt on input line 18.
LaTeX Font Info:    Font shape `TU/LinLibertine(0)/m/n' will be
(Font)              scaled to size 40.0pt on input line 18.
Removing  `gregoriotex.post_linebreak' from `post_linebreak_filter'.
Removing  `gregoriotex.disable_hyphenation' from `hyphenate'.)
LaTeX Font Info:    Font shape `TU/LinLibertine(0)/m/n' will be
(Font)              scaled to size 17.28pt on input line 18.
LaTeX Font Info:    Font shape `TU/LinLibertine(0)/b/n' will be
(Font)              scaled to size 17.28pt on input line 18.
Module gregoriotex Info: Looking in  on input line 22
Module gregoriotex Info: Found canticum3puerorum-3b.gabc directly on input line 22
Module gregoriotex Info: Looking in  on input line 22
Module gregoriotex Info: Found canticum3puerorum-3b-6_0_0.gtex directly on input line 22
Module gregoriotex Info: canticum3puerorum-3b.gabc has been modified and canticum3puerorum-3b-6_0_0.gtex needs to be updated. Recompiling the gabc file. on input line 22
Module gregoriotex Info: compiling the score canticum3puerorum-3b.gabc... on input line 22
Module gregoriotex Info: will use gregorio on input line 22
 (./canticum3puerorum-3b-6_0_0.gtex
Removing  `luaotfload.harf.finalize_vlist' from `post_linebreak_filter'.
Inserting `gregoriotex.post_linebreak' in `post_linebreak_filter'.
Inserting `luaotfload.harf.finalize_vlist' in `post_linebreak_filter'.
Inserting `gregoriotex.disable_hyphenation' in `hyphenate'.
Module luamplib Info: flushing figure 1 on input line 130
Module luamplib Info: flushing figure 1 on input line 375
Module luamplib Info: flushing figure 1 on input line 612
Module luamplib Info: flushing figure 1 on input line 848
Module luamplib Info: flushing figure 1 on input line 1062
Module luamplib Info: flushing figure 1 on input line 1266
Module luamplib Info: flushing figure 1 on input line 1496
Module luamplib Info: flushing figure 1 on input line 1750
Module luamplib Info: flushing figure 1 on input line 2046
Module luamplib Info: flushing figure 1 on input line 2259
Module luamplib Info: flushing figure 1 on input line 2526
Module luamplib Info: flushing figure 1 on input line 2800
Module luamplib Info: flushing figure 1 on input line 3064
LaTeX Font Info:    Font shape `TU/LinLibertine(0)/m/sl' in size <14.4> not available
(Font)              Font shape `TU/LinLibertine(0)/m/it' tried instead on input line 3248.
LaTeX Font Info:    Font shape `TU/LinLibertine(0)/m/it' will be
(Font)              scaled to size 14.4pt on input line 3248.
 [1{/home/veronica/.TinyTeX/texmf-var/fonts/map/pdftex/updmap/pdftex.map}

Module gregoriotex Info: saving 8d9485fa2ee0cf5c9375dcc8f98768fc704e9a89.1, 1 [1] (18705918,34686458) on input line 3248
Module gregoriotex Info: saving 8d9485fa2ee0cf5c9375dcc8f98768fc704e9a89.1, 1 [2] (20395216,34686458) on input line 3248
Module gregoriotex Info: computed length for 8d9485fa2ee0cf5c9375dcc8f98768fc704e9a89.1, 1: 1689298 on input line 3248
Module gregoriotex Info: saving 8d9485fa2ee0cf5c9375dcc8f98768fc704e9a89.1, 2 [1] (17184798,27183766) on input line 3248
Module gregoriotex Info: saving 8d9485fa2ee0cf5c9375dcc8f98768fc704e9a89.1, 2 [2] (18874096,27183766) on input line 3248
Module gregoriotex Info: computed length for 8d9485fa2ee0cf5c9375dcc8f98768fc704e9a89.1, 2: 1689298 on input line 3248
Module gregoriotex Info: saving 8d9485fa2ee0cf5c9375dcc8f98768fc704e9a89.1, 3 [1] (24643514,23440873) on input line 3248
Module gregoriotex Info: saving 8d9485fa2ee0cf5c9375dcc8f98768fc704e9a89.1, 3 [2] (26332812,23440873) on input line 3248
Module gregoriotex Info: computed length for 8d9485fa2ee0cf5c9375dcc8f98768fc704e9a89.1, 3: 1689298 on input line 3248
Module gregoriotex Info: saving 8d9485fa2ee0cf5c9375dcc8f98768fc704e9a89.1, 4 [1] (15672899,16059341) on input line 3248
Module gregoriotex Info: saving 8d9485fa2ee0cf5c9375dcc8f98768fc704e9a89.1, 4 [2] (17362197,16059341) on input line 3248
Module gregoriotex Info: computed length for 8d9485fa2ee0cf5c9375dcc8f98768fc704e9a89.1, 4: 1689298 on input line 3248
Module gregoriotex Info: saving 8d9485fa2ee0cf5c9375dcc8f98768fc704e9a89.1, 5 [1] (16783702,12415539) on input line 3248
Module gregoriotex Info: saving 8d9485fa2ee0cf5c9375dcc8f98768fc704e9a89.1, 5 [2] (18473000,12415539) on input line 3248
Module gregoriotex Info: computed length for 8d9485fa2ee0cf5c9375dcc8f98768fc704e9a89.1, 5: 1689298 on input line 3248
Module gregoriotex Info: saving 8d9485fa2ee0cf5c9375dcc8f98768fc704e9a89.1, 6 [1] (12464414,4909072) on input line 3248
Module gregoriotex Info: saving 8d9485fa2ee0cf5c9375dcc8f98768fc704e9a89.1, 6 [2] (14153712,4909072) on input line 3248
Module gregoriotex Info: computed length for 8d9485fa2ee0cf5c9375dcc8f98768fc704e9a89.1, 6: 1689298 on input line 3248
]
Removing  `gregoriotex.post_linebreak' from `post_linebreak_filter'.
Removing  `gregoriotex.disable_hyphenation' from `hyphenate'.) [2
Module gregoriotex Info: saving 8d9485fa2ee0cf5c9375dcc8f98768fc704e9a89.1, 7 [1] (19033166,48241798) on input line 24
Module gregoriotex Info: saving 8d9485fa2ee0cf5c9375dcc8f98768fc704e9a89.1, 7 [2] (20722464,48241798) on input line 24
Module gregoriotex Info: computed length for 8d9485fa2ee0cf5c9375dcc8f98768fc704e9a89.1, 7: 1689298 on input line 24
Module gregoriotex Info: saving 8d9485fa2ee0cf5c9375dcc8f98768fc704e9a89.1, 8 [1] (14772652,40920685) on input line 24
Module gregoriotex Info: saving 8d9485fa2ee0cf5c9375dcc8f98768fc704e9a89.1, 8 [2] (16461950,40920685) on input line 24
Module gregoriotex Info: computed length for 8d9485fa2ee0cf5c9375dcc8f98768fc704e9a89.1, 8: 1689298 on input line 24
Module gregoriotex Info: saving 8d9485fa2ee0cf5c9375dcc8f98768fc704e9a89.1, 9 [1] (28680134,37308979) on input line 24
Module gregoriotex Info: saving 8d9485fa2ee0cf5c9375dcc8f98768fc704e9a89.1, 9 [2] (30369432,37308979) on input line 24
Module gregoriotex Info: computed length for 8d9485fa2ee0cf5c9375dcc8f98768fc704e9a89.1, 9: 1689298 on input line 24
Module gregoriotex Info: saving 8d9485fa2ee0cf5c9375dcc8f98768fc704e9a89.1, 10 [1] (13317957,29991641) on input line 24
Module gregoriotex Info: saving 8d9485fa2ee0cf5c9375dcc8f98768fc704e9a89.1, 10 [2] (15007255,29991641) on input line 24
Module gregoriotex Info: computed length for 8d9485fa2ee0cf5c9375dcc8f98768fc704e9a89.1, 10: 1689298 on input line 24
Module gregoriotex Info: saving 8d9485fa2ee0cf5c9375dcc8f98768fc704e9a89.1, 11 [1] (22421957,26284619) on input line 24
Module gregoriotex Info: saving 8d9485fa2ee0cf5c9375dcc8f98768fc704e9a89.1, 11 [2] (24111255,26284619) on input line 24
Module gregoriotex Info: computed length for 8d9485fa2ee0cf5c9375dcc8f98768fc704e9a89.1, 11: 1689298 on input line 24
Module gregoriotex Info: saving 8d9485fa2ee0cf5c9375dcc8f98768fc704e9a89.1, 12 [1] (24463910,18974507) on input line 24
Module gregoriotex Info: saving 8d9485fa2ee0cf5c9375dcc8f98768fc704e9a89.1, 12 [2] (25932849,18974507) on input line 24
Module gregoriotex Info: computed length for 8d9485fa2ee0cf5c9375dcc8f98768fc704e9a89.1, 12: 1468939 on input line 24
Module gregoriotex Info: saving 8d9485fa2ee0cf5c9375dcc8f98768fc704e9a89.1, 13 [1] (21288993,11664395) on input line 24
Module gregoriotex Info: saving 8d9485fa2ee0cf5c9375dcc8f98768fc704e9a89.1, 13 [2] (22636590,11664395) on input line 24
Module gregoriotex Info: computed length for 8d9485fa2ee0cf5c9375dcc8f98768fc704e9a89.1, 13: 1347597 on input line 24
] (./communion-benedicite-michael.aux)
 ***********
LaTeX2e <2023-11-01> patch level 1
L3 programming layer <2020/03/25>
 ***********
)

Here is how much of LuaTeX's memory you used:
 36253 strings out of 476435
 476914,1977958 words of node,token memory allocated
 1224 words of node memory still in use:
   4 hlist, 1 vlist, 1 rule, 2 glue, 3 kern, 3 glyph, 30 attribute, 194 glue_spec, 7 attribute_list, 2 write, 1 user_defined nodes
   avail lists: 1:4,2:56131,3:7644,4:40,5:10382,6:812,7:10719,9:13891,10:7,11:10
 58116 multiletter control sequences out of 65536+600000
 66 fonts using 17655263 bytes
 85i,11n,114p,662b,8865s stack positions out of 10000i,1000n,20000p,200000b,200000s
Module gregoriotex Info: Writing communion-benedicite-michael.gaux on input line 0
Module gregoriotex Warning: Line heights or variable brace lengths may have changed. Rerun to fix. on input line 0
</home/veronica/.TinyTeX/texmf-dist/fonts/truetype/public/gregoriotex/greciliae-hollow.ttf></home/veronica/.TinyTeX/texmf-dist/fonts/truetype/public/gregoriotex/greciliae-hole.ttf></home/veronica/.TinyTeX/texmf-dist/fonts/truetype/public/gregoriotex/greextra.ttf></home/veronica/.TinyTeX/texmf-dist/fonts/truetype/public/gregoriotex/greciliae.ttf></home/veronica/.TinyTeX/texmf-dist/fonts/opentype/public/libertine/LinLibertine_RB.otf></home/veronica/.TinyTeX/texmf-dist/fonts/opentype/public/libertine/LinLibertine_R.otf></home/veronica/.TinyTeX/texmf-dist/fonts/opentype/public/libertine/LinLibertine_RI.otf>
Output written on communion-benedicite-michael.pdf (2 pages, 41044 bytes).

PDF statistics: 60 PDF objects out of 1000 (max. 8388607)
 34 compressed objects within 1 object stream
 0 named destinations out of 1000 (max. 131072)
 1 words of extra memory for PDF output out of 10000 (max. 100000000)

